   Estadisticas de Juego:
//-----------------------//
- Puntos chicos comidos: 175
- Puntos grandes comidos: 4
- Fantasmas comidos: 6
- Muertes de Pacman: 1
- Tiempo Total de Juego: 2 segundos
- Puntaje Obtenido: 619
   Estadisticas de Juego:
//-----------------------//
- Puntos chicos comidos: 5
- Puntos grandes comidos: 0
- Fantasmas comidos: 0
- Muertes de Pacman: 3
- Tiempo Total de Juego: 20 segundos
- Puntaje Obtenido: 15
   Estadisticas de Juego:
//-----------------------//
- Puntos chicos comidos: 22
- Puntos grandes comidos: 1
- Fantasmas comidos: 1
- Muertes de Pacman: 3
- Tiempo Total de Juego: 38 segundos
- Puntaje Obtenido: 83
   Estadisticas de Juego:
//-----------------------//
- Puntos chicos comidos: 13
- Puntos grandes comidos: 0
- Fantasmas comidos: 0
- Muertes de Pacman: 3
- Tiempo Total de Juego: 29 segundos
- Puntaje Obtenido: 39
   Estadisticas de Juego:
//-----------------------//
- Puntos chicos comidos: 177
- Puntos grandes comidos: 4
- Fantasmas comidos: 7
- Muertes de Pacman: 0
- Tiempo Total de Juego: 88 segundos
- Puntaje Obtenido: 629
   Estadisticas de Juego:
//-----------------------//
- Puntos chicos comidos: 9
- Puntos grandes comidos: 0
- Fantasmas comidos: 0
- Muertes de Pacman: 3
- Tiempo Total de Juego: 8 segundos
- Puntaje Obtenido: 27
   Estadisticas de Juego:
//-----------------------//
- Puntos chicos comidos: 174
- Puntos grandes comidos: 4
- Fantasmas comidos: 6
- Muertes de Pacman: 0
- Tiempo Total de Juego: 55 segundos
- Puntaje Obtenido: 619
   Estadisticas de Juego:
//-----------------------//
- Puntos chicos comidos: 176
- Puntos grandes comidos: 4
- Fantasmas comidos: 7
- Muertes de Pacman: 2
- Tiempo Total de Juego: 87 segundos
- Puntaje Obtenido: 629
